{"/home/adarsh/atomic_reactjs/login_with_tailwind/src/App.tsx": {"path":"/home/adarsh/atomic_reactjs/login_with_tailwind/src/App.tsx","statementMap":{"0":{"start":{"line":1,"column":0},"end":{"line":1,"column":49}},"1":{"start":{"line":2,"column":0},"end":{"line":2,"column":53}},"2":{"start":{"line":3,"column":0},"end":{"line":3,"column":55}},"3":{"start":{"line":4,"column":0},"end":{"line":4,"column":27}},"4":{"start":{"line":5,"column":0},"end":{"line":5,"column":44}},"5":{"start":{"line":8,"column":2},"end":{"line":16,"column":4}},"6":{"start":{"line":18,"column":0},"end":{"line":18,"column":19}}},"fnMap":{"0":{"name":"App","decl":{"start":{"line":7,"column":9},"end":{"line":7,"column":12}},"loc":{"start":{"line":7,"column":12},"end":{"line":17,"column":1}}}},"branchMap":{},"s":{"0":2,"1":2,"2":2,"3":2,"4":2,"5":1,"6":2},"f":{"0":1},"b":{}}
,"/home/adarsh/atomic_reactjs/login_with_tailwind/src/MainContent.tsx": {"path":"/home/adarsh/atomic_reactjs/login_with_tailwind/src/MainContent.tsx","statementMap":{"0":{"start":{"line":13,"column":0},"end":{"line":13,"column":16}},"1":{"start":{"line":1,"column":0},"end":{"line":1,"column":46}},"2":{"start":{"line":2,"column":0},"end":{"line":2,"column":62}},"3":{"start":{"line":4,"column":0},"end":{"line":4,"column":61}},"4":{"start":{"line":5,"column":0},"end":{"line":5,"column":58}},"5":{"start":{"line":6,"column":13},"end":{"line":6,"column":66}},"6":{"start":{"line":6,"column":23},"end":{"line":6,"column":65}},"7":{"start":{"line":7,"column":18},"end":{"line":8,"column":null}},"8":{"start":{"line":8,"column":7},"end":{"line":8,"column":64}},"9":{"start":{"line":10,"column":16},"end":{"line":10,"column":79}},"10":{"start":{"line":10,"column":26},"end":{"line":10,"column":78}},"11":{"start":{"line":11,"column":19},"end":{"line":11,"column":78}},"12":{"start":{"line":11,"column":29},"end":{"line":11,"column":77}},"13":{"start":{"line":14,"column":19},"end":{"line":14,"column":32}},"14":{"start":{"line":15,"column":31},"end":{"line":15,"column":56}},"15":{"start":{"line":17,"column":2},"end":{"line":30,"column":4}}},"fnMap":{"0":{"name":"(anonymous_10)","decl":{"start":{"line":6,"column":18},"end":{"line":6,"column":21}},"loc":{"start":{"line":6,"column":23},"end":{"line":6,"column":65}}},"1":{"name":"(anonymous_11)","decl":{"start":{"line":6,"column":23},"end":{"line":6,"column":31}},"loc":{"start":{"line":6,"column":23},"end":{"line":6,"column":65}}},"2":{"name":"(anonymous_12)","decl":{"start":{"line":8,"column":2},"end":{"line":8,"column":5}},"loc":{"start":{"line":8,"column":7},"end":{"line":8,"column":64}}},"3":{"name":"(anonymous_13)","decl":{"start":{"line":8,"column":7},"end":{"line":8,"column":15}},"loc":{"start":{"line":8,"column":7},"end":{"line":8,"column":64}}},"4":{"name":"(anonymous_14)","decl":{"start":{"line":10,"column":21},"end":{"line":10,"column":24}},"loc":{"start":{"line":10,"column":26},"end":{"line":10,"column":78}}},"5":{"name":"(anonymous_15)","decl":{"start":{"line":10,"column":26},"end":{"line":10,"column":34}},"loc":{"start":{"line":10,"column":26},"end":{"line":10,"column":78}}},"6":{"name":"(anonymous_16)","decl":{"start":{"line":11,"column":24},"end":{"line":11,"column":27}},"loc":{"start":{"line":11,"column":29},"end":{"line":11,"column":77}}},"7":{"name":"(anonymous_17)","decl":{"start":{"line":11,"column":29},"end":{"line":11,"column":37}},"loc":{"start":{"line":11,"column":29},"end":{"line":11,"column":77}}},"8":{"name":"MainContent","decl":{"start":{"line":13,"column":16},"end":{"line":13,"column":27}},"loc":{"start":{"line":13,"column":27},"end":{"line":31,"column":1}}}},"branchMap":{"0":{"loc":{"start":{"line":19,"column":7},"end":{"line":19,"column":42}},"type":"binary-expr","locations":[{"start":{"line":19,"column":7},"end":{"line":19,"column":27}},{"start":{"line":19,"column":31},"end":{"line":19,"column":42}}]},"1":{"loc":{"start":{"line":20,"column":7},"end":{"line":20,"column":41}},"type":"binary-expr","locations":[{"start":{"line":20,"column":7},"end":{"line":20,"column":27}},{"start":{"line":20,"column":31},"end":{"line":20,"column":41}}]}},"s":{"0":2,"1":2,"2":2,"3":2,"4":2,"5":2,"6":2,"7":2,"8":2,"9":2,"10":2,"11":2,"12":2,"13":4,"14":4,"15":4},"f":{"0":1,"1":1,"2":1,"3":1,"4":1,"5":1,"6":1,"7":1,"8":4},"b":{"0":[4,3],"1":[4,3]}}
,"/home/adarsh/atomic_reactjs/login_with_tailwind/src/main.tsx": {"path":"/home/adarsh/atomic_reactjs/login_with_tailwind/src/main.tsx","statementMap":{"0":{"start":{"line":1,"column":0},"end":{"line":1,"column":34}},"1":{"start":{"line":2,"column":0},"end":{"line":2,"column":45}},"2":{"start":{"line":3,"column":0},"end":{"line":3,"column":20}},"3":{"start":{"line":4,"column":0},"end":{"line":4,"column":22}},"4":{"start":{"line":5,"column":0},"end":{"line":5,"column":24}},"5":{"start":{"line":6,"column":0},"end":{"line":6,"column":39}},"6":{"start":{"line":7,"column":0},"end":{"line":7,"column":38}},"7":{"start":{"line":9,"column":0},"end":{"line":15,"column":null}}},"fnMap":{},"branchMap":{},"s":{"0":1,"1":1,"2":1,"3":1,"4":1,"5":1,"6":1,"7":1},"f":{},"b":{}}
,"/home/adarsh/atomic_reactjs/login_with_tailwind/src/components/molecules/LanguageSelector/LanguageSelector.tsx": {"path":"/home/adarsh/atomic_reactjs/login_with_tailwind/src/components/molecules/LanguageSelector/LanguageSelector.tsx","statementMap":{"0":{"start":{"line":1,"column":0},"end":{"line":1,"column":48}},"1":{"start":{"line":2,"column":0},"end":{"line":2,"column":47}},"2":{"start":{"line":5,"column":0},"end":{"line":5,"column":51}},"3":{"start":{"line":13,"column":36},"end":{"line":18,"column":2}},"4":{"start":{"line":20,"column":35},"end":{"line":50,"column":1}},"5":{"start":{"line":22,"column":19},"end":{"line":22,"column":35}},"6":{"start":{"line":28,"column":25},"end":{"line":31,"column":3}},"7":{"start":{"line":29,"column":25},"end":{"line":29,"column":39}},"8":{"start":{"line":30,"column":4},"end":{"line":30,"column":38}},"9":{"start":{"line":33,"column":2},"end":{"line":49,"column":4}},"10":{"start":{"line":42,"column":12},"end":{"line":42,"column":35}},"11":{"start":{"line":52,"column":0},"end":{"line":52,"column":32}}},"fnMap":{"0":{"name":"(anonymous_1)","decl":{"start":{"line":20,"column":35},"end":{"line":20,"column":38}},"loc":{"start":{"line":20,"column":40},"end":{"line":50,"column":1}}},"1":{"name":"(anonymous_2)","decl":{"start":{"line":28,"column":25},"end":{"line":28,"column":26}},"loc":{"start":{"line":28,"column":63},"end":{"line":31,"column":3}}},"2":{"name":"(anonymous_3)","decl":{"start":{"line":41,"column":25},"end":{"line":41,"column":26}},"loc":{"start":{"line":42,"column":12},"end":{"line":42,"column":35}}}},"branchMap":{},"s":{"0":2,"1":2,"2":2,"3":2,"4":2,"5":3,"6":3,"7":1,"8":1,"9":3,"10":6,"11":2},"f":{"0":3,"1":1,"2":6},"b":{}}
,"/home/adarsh/atomic_reactjs/login_with_tailwind/src/components/molecules/NavItem/NavItem.tsx": {"path":"/home/adarsh/atomic_reactjs/login_with_tailwind/src/components/molecules/NavItem/NavItem.tsx","statementMap":{"0":{"start":{"line":1,"column":0},"end":{"line":1,"column":26}},"1":{"start":{"line":2,"column":0},"end":{"line":2,"column":40}},"2":{"start":{"line":9,"column":40},"end":{"line":12,"column":null}},"3":{"start":{"line":10,"column":2},"end":{"line":11,"column":null}},"4":{"start":{"line":15,"column":0},"end":{"line":15,"column":23}}},"fnMap":{"0":{"name":"(anonymous_1)","decl":{"start":{"line":9,"column":40},"end":{"line":9,"column":41}},"loc":{"start":{"line":10,"column":2},"end":{"line":11,"column":null}}}},"branchMap":{},"s":{"0":3,"1":3,"2":3,"3":4,"4":3},"f":{"0":4},"b":{}}
,"/home/adarsh/atomic_reactjs/login_with_tailwind/src/components/molecules/SidebarSection/SidebarSection.tsx": {"path":"/home/adarsh/atomic_reactjs/login_with_tailwind/src/components/molecules/SidebarSection/SidebarSection.tsx","statementMap":{"0":{"start":{"line":1,"column":0},"end":{"line":1,"column":26}},"1":{"start":{"line":2,"column":0},"end":{"line":2,"column":41}},"2":{"start":{"line":3,"column":0},"end":{"line":3,"column":47}},"3":{"start":{"line":6,"column":33},"end":{"line":18,"column":1}},"4":{"start":{"line":7,"column":18},"end":{"line":7,"column":34}},"5":{"start":{"line":8,"column":0},"end":{"line":17,"column":null}},"6":{"start":{"line":20,"column":0},"end":{"line":20,"column":30}}},"fnMap":{"0":{"name":"(anonymous_1)","decl":{"start":{"line":6,"column":33},"end":{"line":6,"column":36}},"loc":{"start":{"line":6,"column":38},"end":{"line":18,"column":1}}}},"branchMap":{},"s":{"0":2,"1":2,"2":2,"3":2,"4":1,"5":1,"6":2},"f":{"0":1},"b":{}}
,"/home/adarsh/atomic_reactjs/login_with_tailwind/src/components/molecules/Theme/ThemeToggle.tsx": {"path":"/home/adarsh/atomic_reactjs/login_with_tailwind/src/components/molecules/Theme/ThemeToggle.tsx","statementMap":{"0":{"start":{"line":1,"column":0},"end":{"line":1,"column":26}},"1":{"start":{"line":2,"column":0},"end":{"line":2,"column":57}},"2":{"start":{"line":3,"column":0},"end":{"line":3,"column":62}},"3":{"start":{"line":5,"column":37},"end":{"line":29,"column":1}},"4":{"start":{"line":6,"column":33},"end":{"line":6,"column":43}},"5":{"start":{"line":8,"column":23},"end":{"line":10,"column":3}},"6":{"start":{"line":9,"column":4},"end":{"line":9,"column":18}},"7":{"start":{"line":12,"column":2},"end":{"line":28,"column":4}},"8":{"start":{"line":5,"column":13},"end":{"line":5,"column":37}}},"fnMap":{"0":{"name":"(anonymous_1)","decl":{"start":{"line":5,"column":37},"end":{"line":5,"column":40}},"loc":{"start":{"line":5,"column":42},"end":{"line":29,"column":1}}},"1":{"name":"(anonymous_2)","decl":{"start":{"line":8,"column":23},"end":{"line":8,"column":32}},"loc":{"start":{"line":8,"column":34},"end":{"line":10,"column":3}}}},"branchMap":{"0":{"loc":{"start":{"line":24,"column":11},"end":{"line":24,"column":110}},"type":"cond-expr","locations":[{"start":{"line":24,"column":30},"end":{"line":24,"column":69}},{"start":{"line":24,"column":72},"end":{"line":24,"column":110}}]}},"s":{"0":2,"1":2,"2":2,"3":2,"4":3,"5":3,"6":1,"7":3,"8":2},"f":{"0":3,"1":1},"b":{"0":[1,2]}}
,"/home/adarsh/atomic_reactjs/login_with_tailwind/src/components/organisms/Header/Header.tsx": {"path":"/home/adarsh/atomic_reactjs/login_with_tailwind/src/components/organisms/Header/Header.tsx","statementMap":{"0":{"start":{"line":2,"column":0},"end":{"line":2,"column":26}},"1":{"start":{"line":3,"column":0},"end":{"line":3,"column":95}},"2":{"start":{"line":4,"column":0},"end":{"line":4,"column":47}},"3":{"start":{"line":5,"column":0},"end":{"line":5,"column":78}},"4":{"start":{"line":9,"column":25},"end":{"line":24,"column":1}},"5":{"start":{"line":10,"column":16},"end":{"line":10,"column":32}},"6":{"start":{"line":12,"column":2},"end":{"line":23,"column":4}},"7":{"start":{"line":26,"column":0},"end":{"line":26,"column":22}}},"fnMap":{"0":{"name":"(anonymous_1)","decl":{"start":{"line":9,"column":25},"end":{"line":9,"column":28}},"loc":{"start":{"line":9,"column":30},"end":{"line":24,"column":1}}}},"branchMap":{},"s":{"0":2,"1":2,"2":2,"3":2,"4":2,"5":1,"6":1,"7":2},"f":{"0":1},"b":{}}
,"/home/adarsh/atomic_reactjs/login_with_tailwind/src/components/organisms/LanguageChange/LanguageChange.tsx": {"path":"/home/adarsh/atomic_reactjs/login_with_tailwind/src/components/organisms/LanguageChange/LanguageChange.tsx","statementMap":{"0":{"start":{"line":1,"column":0},"end":{"line":1,"column":26}},"1":{"start":{"line":2,"column":0},"end":{"line":2,"column":54}},"2":{"start":{"line":5,"column":33},"end":{"line":22,"column":1}},"3":{"start":{"line":6,"column":16},"end":{"line":6,"column":32}},"4":{"start":{"line":8,"column":2},"end":{"line":21,"column":4}},"5":{"start":{"line":24,"column":0},"end":{"line":24,"column":30}}},"fnMap":{"0":{"name":"(anonymous_1)","decl":{"start":{"line":5,"column":33},"end":{"line":5,"column":36}},"loc":{"start":{"line":5,"column":38},"end":{"line":22,"column":1}}}},"branchMap":{},"s":{"0":1,"1":1,"2":1,"3":1,"4":1,"5":1},"f":{"0":1},"b":{}}
,"/home/adarsh/atomic_reactjs/login_with_tailwind/src/components/organisms/Sidebar/Sidebar.tsx": {"path":"/home/adarsh/atomic_reactjs/login_with_tailwind/src/components/organisms/Sidebar/Sidebar.tsx","statementMap":{"0":{"start":{"line":1,"column":0},"end":{"line":1,"column":75}},"1":{"start":{"line":3,"column":16},"end":{"line":6,"column":null}},"2":{"start":{"line":4,"column":2},"end":{"line":5,"column":null}},"3":{"start":{"line":9,"column":0},"end":{"line":9,"column":23}}},"fnMap":{"0":{"name":"(anonymous_1)","decl":{"start":{"line":3,"column":16},"end":{"line":3,"column":19}},"loc":{"start":{"line":4,"column":2},"end":{"line":5,"column":null}}}},"branchMap":{},"s":{"0":2,"1":2,"2":1,"3":2},"f":{"0":1},"b":{}}
,"/home/adarsh/atomic_reactjs/login_with_tailwind/src/context/AuthContext.tsx": {"path":"/home/adarsh/atomic_reactjs/login_with_tailwind/src/context/AuthContext.tsx","statementMap":{"0":{"start":{"line":1,"column":0},"end":{"line":1,"column":78}},"1":{"start":{"line":10,"column":20},"end":{"line":10,"column":73}},"2":{"start":{"line":12,"column":63},"end":{"line":20,"column":1}},"3":{"start":{"line":13,"column":26},"end":{"line":13,"column":46}},"4":{"start":{"line":15,"column":2},"end":{"line":19,"column":4}},"5":{"start":{"line":12,"column":13},"end":{"line":12,"column":63}},"6":{"start":{"line":22,"column":23},"end":{"line":26,"column":1}},"7":{"start":{"line":23,"column":18},"end":{"line":23,"column":41}},"8":{"start":{"line":24,"column":2},"end":{"line":24,"column":76}},"9":{"start":{"line":24,"column":16},"end":{"line":24,"column":76}},"10":{"start":{"line":25,"column":2},"end":{"line":25,"column":17}},"11":{"start":{"line":22,"column":13},"end":{"line":22,"column":23}}},"fnMap":{"0":{"name":"(anonymous_9)","decl":{"start":{"line":12,"column":63},"end":{"line":12,"column":64}},"loc":{"start":{"line":12,"column":80},"end":{"line":20,"column":1}}},"1":{"name":"(anonymous_10)","decl":{"start":{"line":22,"column":23},"end":{"line":22,"column":26}},"loc":{"start":{"line":22,"column":28},"end":{"line":26,"column":1}}}},"branchMap":{"0":{"loc":{"start":{"line":24,"column":2},"end":{"line":24,"column":76}},"type":"if","locations":[{"start":{"line":24,"column":2},"end":{"line":24,"column":76}},{"start":{},"end":{}}]}},"s":{"0":2,"1":2,"2":2,"3":1,"4":1,"5":2,"6":2,"7":0,"8":0,"9":0,"10":0,"11":2},"f":{"0":1,"1":0},"b":{"0":[0,0]}}
,"/home/adarsh/atomic_reactjs/login_with_tailwind/src/context/ThemeContext.tsx": {"path":"/home/adarsh/atomic_reactjs/login_with_tailwind/src/context/ThemeContext.tsx","statementMap":{"0":{"start":{"line":1,"column":0},"end":{"line":1,"column":94}},"1":{"start":{"line":8,"column":21},"end":{"line":8,"column":75}},"2":{"start":{"line":10,"column":24},"end":{"line":16,"column":1}},"3":{"start":{"line":11,"column":18},"end":{"line":11,"column":42}},"4":{"start":{"line":12,"column":2},"end":{"line":14,"column":3}},"5":{"start":{"line":13,"column":4},"end":{"line":13,"column":68}},"6":{"start":{"line":15,"column":2},"end":{"line":15,"column":17}},"7":{"start":{"line":10,"column":13},"end":{"line":10,"column":24}},"8":{"start":{"line":22,"column":29},"end":{"line":40,"column":1}},"9":{"start":{"line":23,"column":38},"end":{"line":23,"column":62}},"10":{"start":{"line":25,"column":22},"end":{"line":27,"column":3}},"11":{"start":{"line":26,"column":4},"end":{"line":26,"column":43}},"12":{"start":{"line":26,"column":32},"end":{"line":26,"column":41}},"13":{"start":{"line":29,"column":16},"end":{"line":29,"column":45}},"14":{"start":{"line":31,"column":2},"end":{"line":33,"column":26}},"15":{"start":{"line":32,"column":4},"end":{"line":32,"column":63}},"16":{"start":{"line":35,"column":2},"end":{"line":39,"column":4}},"17":{"start":{"line":22,"column":13},"end":{"line":22,"column":29}}},"fnMap":{"0":{"name":"(anonymous_9)","decl":{"start":{"line":10,"column":24},"end":{"line":10,"column":45}},"loc":{"start":{"line":10,"column":47},"end":{"line":16,"column":1}}},"1":{"name":"(anonymous_10)","decl":{"start":{"line":22,"column":29},"end":{"line":22,"column":30}},"loc":{"start":{"line":22,"column":66},"end":{"line":40,"column":1}}},"2":{"name":"(anonymous_11)","decl":{"start":{"line":25,"column":22},"end":{"line":25,"column":25}},"loc":{"start":{"line":25,"column":27},"end":{"line":27,"column":3}}},"3":{"name":"(anonymous_12)","decl":{"start":{"line":26,"column":18},"end":{"line":26,"column":19}},"loc":{"start":{"line":26,"column":32},"end":{"line":26,"column":41}}},"4":{"name":"(anonymous_13)","decl":{"start":{"line":31,"column":12},"end":{"line":31,"column":15}},"loc":{"start":{"line":31,"column":17},"end":{"line":33,"column":3}}}},"branchMap":{"0":{"loc":{"start":{"line":12,"column":2},"end":{"line":14,"column":3}},"type":"if","locations":[{"start":{"line":12,"column":2},"end":{"line":14,"column":3}},{"start":{},"end":{}}]},"1":{"loc":{"start":{"line":29,"column":16},"end":{"line":29,"column":45}},"type":"cond-expr","locations":[{"start":{"line":29,"column":29},"end":{"line":29,"column":35}},{"start":{"line":29,"column":38},"end":{"line":29,"column":45}}]}},"s":{"0":2,"1":2,"2":2,"3":0,"4":0,"5":0,"6":0,"7":2,"8":2,"9":1,"10":1,"11":0,"12":0,"13":1,"14":1,"15":1,"16":1,"17":2},"f":{"0":0,"1":1,"2":0,"3":0,"4":1},"b":{"0":[0,0],"1":[0,1]}}
,"/home/adarsh/atomic_reactjs/login_with_tailwind/src/features/addProject/atoms/Button/Button.tsx": {"path":"/home/adarsh/atomic_reactjs/login_with_tailwind/src/features/addProject/atoms/Button/Button.tsx","statementMap":{"0":{"start":{"line":1,"column":0},"end":{"line":1,"column":26}},"1":{"start":{"line":10,"column":38},"end":{"line":16,"column":1}},"2":{"start":{"line":11,"column":2},"end":{"line":15,"column":4}},"3":{"start":{"line":18,"column":0},"end":{"line":18,"column":22}}},"fnMap":{"0":{"name":"(anonymous_1)","decl":{"start":{"line":10,"column":38},"end":{"line":10,"column":39}},"loc":{"start":{"line":10,"column":92},"end":{"line":16,"column":1}}}},"branchMap":{"0":{"loc":{"start":{"line":10,"column":50},"end":{"line":10,"column":65}},"type":"default-arg","locations":[{"start":{"line":10,"column":57},"end":{"line":10,"column":65}}]}},"s":{"0":3,"1":3,"2":15,"3":3},"f":{"0":15},"b":{"0":[4]}}
,"/home/adarsh/atomic_reactjs/login_with_tailwind/src/features/addProject/atoms/Input/InputField.tsx": {"path":"/home/adarsh/atomic_reactjs/login_with_tailwind/src/features/addProject/atoms/Input/InputField.tsx","statementMap":{"0":{"start":{"line":1,"column":0},"end":{"line":1,"column":26}},"1":{"start":{"line":9,"column":46},"end":{"line":11,"column":1}},"2":{"start":{"line":10,"column":2},"end":{"line":10,"column":92}},"3":{"start":{"line":13,"column":0},"end":{"line":13,"column":26}}},"fnMap":{"0":{"name":"(anonymous_1)","decl":{"start":{"line":9,"column":46},"end":{"line":9,"column":47}},"loc":{"start":{"line":9,"column":83},"end":{"line":11,"column":1}}}},"branchMap":{},"s":{"0":3,"1":3,"2":22,"3":3},"f":{"0":22},"b":{}}
,"/home/adarsh/atomic_reactjs/login_with_tailwind/src/features/addProject/molecules/Form/Form.tsx": {"path":"/home/adarsh/atomic_reactjs/login_with_tailwind/src/features/addProject/molecules/Form/Form.tsx","statementMap":{"0":{"start":{"line":1,"column":0},"end":{"line":1,"column":26}},"1":{"start":{"line":2,"column":0},"end":{"line":2,"column":68}},"2":{"start":{"line":3,"column":0},"end":{"line":3,"column":61}},"3":{"start":{"line":14,"column":34},"end":{"line":22,"column":1}},"4":{"start":{"line":15,"column":2},"end":{"line":21,"column":4}},"5":{"start":{"line":17,"column":49},"end":{"line":17,"column":73}},"6":{"start":{"line":18,"column":48},"end":{"line":18,"column":71}},"7":{"start":{"line":24,"column":0},"end":{"line":24,"column":20}}},"fnMap":{"0":{"name":"(anonymous_1)","decl":{"start":{"line":14,"column":34},"end":{"line":14,"column":35}},"loc":{"start":{"line":14,"column":95},"end":{"line":22,"column":1}}},"1":{"name":"(anonymous_2)","decl":{"start":{"line":17,"column":42},"end":{"line":17,"column":43}},"loc":{"start":{"line":17,"column":49},"end":{"line":17,"column":73}}},"2":{"name":"(anonymous_3)","decl":{"start":{"line":18,"column":41},"end":{"line":18,"column":42}},"loc":{"start":{"line":18,"column":48},"end":{"line":18,"column":71}}}},"branchMap":{},"s":{"0":2,"1":2,"2":2,"3":2,"4":10,"5":2,"6":2,"7":2},"f":{"0":10,"1":2,"2":2},"b":{}}
,"/home/adarsh/atomic_reactjs/login_with_tailwind/src/features/addProject/organisms/ProjectForm.tsx": {"path":"/home/adarsh/atomic_reactjs/login_with_tailwind/src/features/addProject/organisms/ProjectForm.tsx","statementMap":{"0":{"start":{"line":1,"column":0},"end":{"line":1,"column":66}},"1":{"start":{"line":2,"column":0},"end":{"line":2,"column":74}},"2":{"start":{"line":3,"column":0},"end":{"line":3,"column":62}},"3":{"start":{"line":4,"column":0},"end":{"line":4,"column":42}},"4":{"start":{"line":6,"column":30},"end":{"line":46,"column":1}},"5":{"start":{"line":7,"column":25},"end":{"line":7,"column":42}},"6":{"start":{"line":8,"column":13},"end":{"line":8,"column":35}},"7":{"start":{"line":11,"column":26},"end":{"line":11,"column":44}},"8":{"start":{"line":12,"column":20},"end":{"line":12,"column":40}},"9":{"start":{"line":14,"column":28},"end":{"line":14,"column":48}},"10":{"start":{"line":15,"column":26},"end":{"line":15,"column":46}},"11":{"start":{"line":16,"column":19},"end":{"line":16,"column":32}},"12":{"start":{"line":18,"column":2},"end":{"line":26,"column":18}},"13":{"start":{"line":19,"column":4},"end":{"line":25,"column":5}},"14":{"start":{"line":20,"column":23},"end":{"line":20,"column":70}},"15":{"start":{"line":20,"column":47},"end":{"line":20,"column":69}},"16":{"start":{"line":21,"column":6},"end":{"line":24,"column":7}},"17":{"start":{"line":22,"column":8},"end":{"line":22,"column":33}},"18":{"start":{"line":23,"column":8},"end":{"line":23,"column":31}},"19":{"start":{"line":28,"column":24},"end":{"line":43,"column":3}},"20":{"start":{"line":29,"column":4},"end":{"line":29,"column":23}},"21":{"start":{"line":31,"column":17},"end":{"line":36,"column":6}},"22":{"start":{"line":38,"column":4},"end":{"line":38,"column":18}},"23":{"start":{"line":39,"column":4},"end":{"line":39,"column":17}},"24":{"start":{"line":40,"column":4},"end":{"line":40,"column":16}},"25":{"start":{"line":41,"column":4},"end":{"line":41,"column":25}},"26":{"start":{"line":45,"column":2},"end":{"line":45,"column":142}},"27":{"start":{"line":48,"column":0},"end":{"line":48,"column":27}}},"fnMap":{"0":{"name":"(anonymous_10)","decl":{"start":{"line":6,"column":30},"end":{"line":6,"column":33}},"loc":{"start":{"line":6,"column":35},"end":{"line":46,"column":1}}},"1":{"name":"(anonymous_11)","decl":{"start":{"line":18,"column":12},"end":{"line":18,"column":15}},"loc":{"start":{"line":18,"column":17},"end":{"line":26,"column":3}}},"2":{"name":"(anonymous_12)","decl":{"start":{"line":20,"column":34},"end":{"line":20,"column":35}},"loc":{"start":{"line":20,"column":47},"end":{"line":20,"column":69}}},"3":{"name":"(anonymous_13)","decl":{"start":{"line":28,"column":24},"end":{"line":28,"column":25}},"loc":{"start":{"line":28,"column":58},"end":{"line":43,"column":3}}}},"branchMap":{"0":{"loc":{"start":{"line":19,"column":4},"end":{"line":25,"column":5}},"type":"if","locations":[{"start":{"line":19,"column":4},"end":{"line":25,"column":5}},{"start":{},"end":{}}]},"1":{"loc":{"start":{"line":19,"column":8},"end":{"line":19,"column":19}},"type":"binary-expr","locations":[{"start":{"line":19,"column":8},"end":{"line":19,"column":10}},{"start":{"line":19,"column":14},"end":{"line":19,"column":19}}]},"2":{"loc":{"start":{"line":21,"column":6},"end":{"line":24,"column":7}},"type":"if","locations":[{"start":{"line":21,"column":6},"end":{"line":24,"column":7}},{"start":{},"end":{}}]},"3":{"loc":{"start":{"line":32,"column":10},"end":{"line":32,"column":49}},"type":"binary-expr","locations":[{"start":{"line":32,"column":10},"end":{"line":32,"column":12}},{"start":{"line":32,"column":16},"end":{"line":32,"column":49}}]},"4":{"loc":{"start":{"line":45,"column":116},"end":{"line":45,"column":137}},"type":"cond-expr","locations":[{"start":{"line":45,"column":121},"end":{"line":45,"column":129}},{"start":{"line":45,"column":132},"end":{"line":45,"column":137}}]}},"s":{"0":1,"1":1,"2":1,"3":1,"4":1,"5":7,"6":7,"7":7,"8":7,"9":7,"10":7,"11":7,"12":7,"13":3,"14":1,"15":1,"16":1,"17":1,"18":1,"19":7,"20":1,"21":1,"22":1,"23":1,"24":1,"25":1,"26":7,"27":1},"f":{"0":7,"1":3,"2":1,"3":1},"b":{"0":[1,2],"1":[3,1],"2":[1,0],"3":[1,1],"4":[2,5]}}
,"/home/adarsh/atomic_reactjs/login_with_tailwind/src/features/addProject/page/AddProject.tsx": {"path":"/home/adarsh/atomic_reactjs/login_with_tailwind/src/features/addProject/page/AddProject.tsx","statementMap":{"0":{"start":{"line":1,"column":0},"end":{"line":1,"column":26}},"1":{"start":{"line":2,"column":0},"end":{"line":2,"column":47}},"2":{"start":{"line":3,"column":0},"end":{"line":3,"column":65}},"3":{"start":{"line":5,"column":29},"end":{"line":13,"column":1}},"4":{"start":{"line":6,"column":19},"end":{"line":6,"column":32}},"5":{"start":{"line":8,"column":26},"end":{"line":10,"column":3}},"6":{"start":{"line":9,"column":4},"end":{"line":9,"column":17}},"7":{"start":{"line":12,"column":2},"end":{"line":12,"column":62}},"8":{"start":{"line":15,"column":0},"end":{"line":15,"column":26}}},"fnMap":{"0":{"name":"(anonymous_1)","decl":{"start":{"line":5,"column":29},"end":{"line":5,"column":32}},"loc":{"start":{"line":5,"column":34},"end":{"line":13,"column":1}}},"1":{"name":"(anonymous_2)","decl":{"start":{"line":8,"column":26},"end":{"line":8,"column":29}},"loc":{"start":{"line":8,"column":31},"end":{"line":10,"column":3}}}},"branchMap":{},"s":{"0":1,"1":1,"2":1,"3":1,"4":2,"5":2,"6":1,"7":2,"8":1},"f":{"0":2,"1":1},"b":{}}
,"/home/adarsh/atomic_reactjs/login_with_tailwind/src/features/addProject/templates/AddProjectTemplate.tsx": {"path":"/home/adarsh/atomic_reactjs/login_with_tailwind/src/features/addProject/templates/AddProjectTemplate.tsx","statementMap":{"0":{"start":{"line":1,"column":0},"end":{"line":1,"column":26}},"1":{"start":{"line":2,"column":0},"end":{"line":2,"column":57}},"2":{"start":{"line":3,"column":0},"end":{"line":3,"column":47}},"3":{"start":{"line":4,"column":0},"end":{"line":4,"column":51}},"4":{"start":{"line":10,"column":62},"end":{"line":25,"column":1}},"5":{"start":{"line":11,"column":16},"end":{"line":11,"column":32}},"6":{"start":{"line":12,"column":20},"end":{"line":12,"column":30}},"7":{"start":{"line":14,"column":2},"end":{"line":24,"column":4}},"8":{"start":{"line":27,"column":0},"end":{"line":27,"column":34}}},"fnMap":{"0":{"name":"(anonymous_1)","decl":{"start":{"line":10,"column":62},"end":{"line":10,"column":63}},"loc":{"start":{"line":10,"column":82},"end":{"line":25,"column":1}}}},"branchMap":{},"s":{"0":1,"1":1,"2":1,"3":1,"4":1,"5":3,"6":3,"7":3,"8":1},"f":{"0":3},"b":{}}
,"/home/adarsh/atomic_reactjs/login_with_tailwind/src/features/dashBoard/organisms/MainContent/MainContent.tsx": {"path":"/home/adarsh/atomic_reactjs/login_with_tailwind/src/features/dashBoard/organisms/MainContent/MainContent.tsx","statementMap":{"0":{"start":{"line":1,"column":0},"end":{"line":1,"column":26}},"1":{"start":{"line":2,"column":0},"end":{"line":2,"column":47}},"2":{"start":{"line":4,"column":30},"end":{"line":17,"column":1}},"3":{"start":{"line":6,"column":16},"end":{"line":6,"column":32}},"4":{"start":{"line":8,"column":2},"end":{"line":16,"column":4}},"5":{"start":{"line":19,"column":0},"end":{"line":19,"column":27}}},"fnMap":{"0":{"name":"(anonymous_1)","decl":{"start":{"line":4,"column":30},"end":{"line":4,"column":33}},"loc":{"start":{"line":4,"column":35},"end":{"line":17,"column":1}}}},"branchMap":{},"s":{"0":1,"1":1,"2":1,"3":1,"4":1,"5":1},"f":{"0":1},"b":{}}
,"/home/adarsh/atomic_reactjs/login_with_tailwind/src/features/dashBoard/pages/Home.tsx": {"path":"/home/adarsh/atomic_reactjs/login_with_tailwind/src/features/dashBoard/pages/Home.tsx","statementMap":{"0":{"start":{"line":1,"column":0},"end":{"line":1,"column":26}},"1":{"start":{"line":2,"column":0},"end":{"line":2,"column":94}},"2":{"start":{"line":4,"column":23},"end":{"line":4,"column":46}},"3":{"start":{"line":4,"column":29},"end":{"line":4,"column":46}},"4":{"start":{"line":6,"column":0},"end":{"line":6,"column":20}}},"fnMap":{"0":{"name":"(anonymous_1)","decl":{"start":{"line":4,"column":23},"end":{"line":4,"column":26}},"loc":{"start":{"line":4,"column":29},"end":{"line":4,"column":46}}}},"branchMap":{},"s":{"0":1,"1":1,"2":1,"3":1,"4":1},"f":{"0":1},"b":{}}
,"/home/adarsh/atomic_reactjs/login_with_tailwind/src/features/dashBoard/templates/DefaultLayout/DefaultLayout.tsx": {"path":"/home/adarsh/atomic_reactjs/login_with_tailwind/src/features/dashBoard/templates/DefaultLayout/DefaultLayout.tsx","statementMap":{"0":{"start":{"line":1,"column":0},"end":{"line":1,"column":26}},"1":{"start":{"line":2,"column":0},"end":{"line":2,"column":79}},"2":{"start":{"line":4,"column":32},"end":{"line":9,"column":null}},"3":{"start":{"line":5,"column":2},"end":{"line":8,"column":null}},"4":{"start":{"line":12,"column":0},"end":{"line":12,"column":29}}},"fnMap":{"0":{"name":"(anonymous_1)","decl":{"start":{"line":4,"column":32},"end":{"line":4,"column":35}},"loc":{"start":{"line":5,"column":2},"end":{"line":8,"column":null}}}},"branchMap":{},"s":{"0":1,"1":1,"2":1,"3":3,"4":1},"f":{"0":3},"b":{}}
,"/home/adarsh/atomic_reactjs/login_with_tailwind/src/features/projects/atoms/Button/Button.tsx": {"path":"/home/adarsh/atomic_reactjs/login_with_tailwind/src/features/projects/atoms/Button/Button.tsx","statementMap":{"0":{"start":{"line":9,"column":15},"end":{"line":15,"column":1}},"1":{"start":{"line":10,"column":2},"end":{"line":14,"column":4}},"2":{"start":{"line":17,"column":0},"end":{"line":17,"column":22}}},"fnMap":{"0":{"name":"(anonymous_0)","decl":{"start":{"line":9,"column":15},"end":{"line":9,"column":16}},"loc":{"start":{"line":9,"column":65},"end":{"line":15,"column":1}}}},"branchMap":{},"s":{"0":3,"1":21,"2":3},"f":{"0":21},"b":{}}
,"/home/adarsh/atomic_reactjs/login_with_tailwind/src/features/projects/atoms/Heading/Heading.tsx": {"path":"/home/adarsh/atomic_reactjs/login_with_tailwind/src/features/projects/atoms/Heading/Heading.tsx","statementMap":{"0":{"start":{"line":3,"column":16},"end":{"line":5,"column":1}},"1":{"start":{"line":4,"column":2},"end":{"line":4,"column":42}},"2":{"start":{"line":7,"column":0},"end":{"line":7,"column":23}}},"fnMap":{"0":{"name":"(anonymous_0)","decl":{"start":{"line":3,"column":16},"end":{"line":3,"column":17}},"loc":{"start":{"line":3,"column":58},"end":{"line":5,"column":1}}}},"branchMap":{},"s":{"0":1,"1":2,"2":1},"f":{"0":2},"b":{}}
,"/home/adarsh/atomic_reactjs/login_with_tailwind/src/features/projects/atoms/Input/Input.tsx": {"path":"/home/adarsh/atomic_reactjs/login_with_tailwind/src/features/projects/atoms/Input/Input.tsx","statementMap":{"0":{"start":{"line":9,"column":14},"end":{"line":19,"column":1}},"1":{"start":{"line":10,"column":2},"end":{"line":18,"column":4}},"2":{"start":{"line":21,"column":0},"end":{"line":21,"column":21}}},"fnMap":{"0":{"name":"(anonymous_0)","decl":{"start":{"line":9,"column":14},"end":{"line":9,"column":15}},"loc":{"start":{"line":9,"column":89},"end":{"line":19,"column":1}}}},"branchMap":{"0":{"loc":{"start":{"line":9,"column":17},"end":{"line":9,"column":30}},"type":"default-arg","locations":[{"start":{"line":9,"column":24},"end":{"line":9,"column":30}}]}},"s":{"0":2,"1":9,"2":2},"f":{"0":9},"b":{"0":[8]}}
,"/home/adarsh/atomic_reactjs/login_with_tailwind/src/features/projects/molicule/PostActions/PostActions.tsx": {"path":"/home/adarsh/atomic_reactjs/login_with_tailwind/src/features/projects/molicule/PostActions/PostActions.tsx","statementMap":{"0":{"start":{"line":1,"column":0},"end":{"line":1,"column":59}},"1":{"start":{"line":2,"column":0},"end":{"line":2,"column":29}},"2":{"start":{"line":9,"column":20},"end":{"line":16,"column":1}},"3":{"start":{"line":10,"column":2},"end":{"line":15,"column":4}},"4":{"start":{"line":18,"column":0},"end":{"line":18,"column":27}}},"fnMap":{"0":{"name":"(anonymous_1)","decl":{"start":{"line":9,"column":20},"end":{"line":9,"column":21}},"loc":{"start":{"line":9,"column":63},"end":{"line":16,"column":1}}}},"branchMap":{},"s":{"0":1,"1":1,"2":1,"3":4,"4":1},"f":{"0":4},"b":{}}
,"/home/adarsh/atomic_reactjs/login_with_tailwind/src/features/projects/molicule/SearchBar/SearchBar.tsx": {"path":"/home/adarsh/atomic_reactjs/login_with_tailwind/src/features/projects/molicule/SearchBar/SearchBar.tsx","statementMap":{"0":{"start":{"line":1,"column":0},"end":{"line":1,"column":56}},"1":{"start":{"line":2,"column":0},"end":{"line":2,"column":59}},"2":{"start":{"line":11,"column":18},"end":{"line":32,"column":1}},"3":{"start":{"line":12,"column":2},"end":{"line":31,"column":4}},"4":{"start":{"line":34,"column":0},"end":{"line":34,"column":25}}},"fnMap":{"0":{"name":"(anonymous_1)","decl":{"start":{"line":11,"column":18},"end":{"line":11,"column":19}},"loc":{"start":{"line":11,"column":98},"end":{"line":32,"column":1}}}},"branchMap":{},"s":{"0":1,"1":1,"2":1,"3":5,"4":1},"f":{"0":5},"b":{}}
,"/home/adarsh/atomic_reactjs/login_with_tailwind/src/features/projects/organisms/PostsCard/PostsCard.tsx": {"path":"/home/adarsh/atomic_reactjs/login_with_tailwind/src/features/projects/organisms/PostsCard/PostsCard.tsx","statementMap":{"0":{"start":{"line":2,"column":0},"end":{"line":2,"column":77}},"1":{"start":{"line":10,"column":18},"end":{"line":21,"column":1}},"2":{"start":{"line":13,"column":2},"end":{"line":20,"column":4}},"3":{"start":{"line":23,"column":0},"end":{"line":23,"column":25}}},"fnMap":{"0":{"name":"(anonymous_1)","decl":{"start":{"line":10,"column":18},"end":{"line":10,"column":19}},"loc":{"start":{"line":10,"column":107},"end":{"line":21,"column":1}}}},"branchMap":{},"s":{"0":1,"1":1,"2":3,"3":1},"f":{"0":3},"b":{}}
,"/home/adarsh/atomic_reactjs/login_with_tailwind/src/features/projects/organisms/ProjectList/ProjectList.tsx": {"path":"/home/adarsh/atomic_reactjs/login_with_tailwind/src/features/projects/organisms/ProjectList/ProjectList.tsx","statementMap":{"0":{"start":{"line":1,"column":0},"end":{"line":1,"column":47}},"1":{"start":{"line":15,"column":20},"end":{"line":32,"column":1}},"2":{"start":{"line":16,"column":2},"end":{"line":31,"column":4}},"3":{"start":{"line":20,"column":10},"end":{"line":21,"column":null}},"4":{"start":{"line":23,"column":26},"end":{"line":23,"column":44}},"5":{"start":{"line":24,"column":28},"end":{"line":24,"column":48}},"6":{"start":{"line":34,"column":0},"end":{"line":34,"column":27}}},"fnMap":{"0":{"name":"(anonymous_1)","decl":{"start":{"line":15,"column":20},"end":{"line":15,"column":21}},"loc":{"start":{"line":15,"column":73},"end":{"line":32,"column":1}}},"1":{"name":"(anonymous_2)","decl":{"start":{"line":19,"column":21},"end":{"line":19,"column":22}},"loc":{"start":{"line":20,"column":10},"end":{"line":21,"column":null}}},"2":{"name":"(anonymous_3)","decl":{"start":{"line":23,"column":20},"end":{"line":23,"column":23}},"loc":{"start":{"line":23,"column":26},"end":{"line":23,"column":44}}},"3":{"name":"(anonymous_4)","decl":{"start":{"line":24,"column":22},"end":{"line":24,"column":25}},"loc":{"start":{"line":24,"column":28},"end":{"line":24,"column":48}}}},"branchMap":{"0":{"loc":{"start":{"line":18,"column":7},"end":{"line":28,"column":null}},"type":"cond-expr","locations":[{"start":{"line":19,"column":8},"end":{"line":26,"column":10}},{"start":{"line":28,"column":8},"end":{"line":28,"column":42}}]}},"s":{"0":1,"1":1,"2":4,"3":4,"4":1,"5":1,"6":1},"f":{"0":4,"1":4,"2":1,"3":1},"b":{"0":[3,1]}}
,"/home/adarsh/atomic_reactjs/login_with_tailwind/src/features/projects/pages/Project/Project.tsx": {"path":"/home/adarsh/atomic_reactjs/login_with_tailwind/src/features/projects/pages/Project/Project.tsx","statementMap":{"0":{"start":{"line":1,"column":0},"end":{"line":1,"column":32}},"1":{"start":{"line":2,"column":0},"end":{"line":2,"column":80}},"2":{"start":{"line":3,"column":0},"end":{"line":3,"column":47}},"3":{"start":{"line":4,"column":0},"end":{"line":4,"column":60}},"4":{"start":{"line":5,"column":0},"end":{"line":5,"column":47}},"5":{"start":{"line":6,"column":0},"end":{"line":6,"column":90}},"6":{"start":{"line":8,"column":16},"end":{"line":63,"column":1}},"7":{"start":{"line":9,"column":16},"end":{"line":9,"column":32}},"8":{"start":{"line":10,"column":20},"end":{"line":10,"column":30}},"9":{"start":{"line":11,"column":39},"end":{"line":11,"column":57}},"10":{"start":{"line":12,"column":19},"end":{"line":12,"column":32}},"11":{"start":{"line":13,"column":23},"end":{"line":13,"column":46}},"12":{"start":{"line":15,"column":38},"end":{"line":15,"column":50}},"13":{"start":{"line":16,"column":40},"end":{"line":16,"column":52}},"14":{"start":{"line":25,"column":25},"end":{"line":25,"column":55}},"15":{"start":{"line":25,"column":31},"end":{"line":25,"column":55}},"16":{"start":{"line":26,"column":26},"end":{"line":28,"column":3}},"17":{"start":{"line":27,"column":5},"end":{"line":27,"column":null}},"18":{"start":{"line":30,"column":23},"end":{"line":37,"column":3}},"19":{"start":{"line":31,"column":4},"end":{"line":36,"column":5}},"20":{"start":{"line":32,"column":6},"end":{"line":32,"column":36}},"21":{"start":{"line":33,"column":6},"end":{"line":33,"column":16}},"22":{"start":{"line":35,"column":6},"end":{"line":35,"column":44}},"23":{"start":{"line":39,"column":23},"end":{"line":41,"column":9}},"24":{"start":{"line":40,"column":4},"end":{"line":40,"column":67}},"25":{"start":{"line":43,"column":2},"end":{"line":62,"column":4}},"26":{"start":{"line":52,"column":33},"end":{"line":52,"column":62}},"27":{"start":{"line":53,"column":31},"end":{"line":53,"column":57}},"28":{"start":{"line":54,"column":32},"end":{"line":54,"column":50}},"29":{"start":{"line":55,"column":32},"end":{"line":55,"column":51}},"30":{"start":{"line":65,"column":0},"end":{"line":65,"column":23}}},"fnMap":{"0":{"name":"(anonymous_1)","decl":{"start":{"line":8,"column":16},"end":{"line":8,"column":19}},"loc":{"start":{"line":8,"column":21},"end":{"line":63,"column":1}}},"1":{"name":"(anonymous_2)","decl":{"start":{"line":25,"column":25},"end":{"line":25,"column":28}},"loc":{"start":{"line":25,"column":31},"end":{"line":25,"column":55}}},"2":{"name":"(anonymous_3)","decl":{"start":{"line":26,"column":26},"end":{"line":26,"column":27}},"loc":{"start":{"line":26,"column":41},"end":{"line":28,"column":3}}},"3":{"name":"(anonymous_4)","decl":{"start":{"line":30,"column":23},"end":{"line":30,"column":28}},"loc":{"start":{"line":30,"column":44},"end":{"line":37,"column":3}}},"4":{"name":"(anonymous_5)","decl":{"start":{"line":39,"column":36},"end":{"line":39,"column":37}},"loc":{"start":{"line":40,"column":4},"end":{"line":40,"column":67}}},"5":{"name":"(anonymous_6)","decl":{"start":{"line":52,"column":26},"end":{"line":52,"column":27}},"loc":{"start":{"line":52,"column":33},"end":{"line":52,"column":62}}},"6":{"name":"(anonymous_7)","decl":{"start":{"line":53,"column":25},"end":{"line":53,"column":28}},"loc":{"start":{"line":53,"column":31},"end":{"line":53,"column":57}}},"7":{"name":"(anonymous_8)","decl":{"start":{"line":54,"column":24},"end":{"line":54,"column":27}},"loc":{"start":{"line":54,"column":29},"end":{"line":55,"column":53}}}},"branchMap":{"0":{"loc":{"start":{"line":39,"column":23},"end":{"line":41,"column":9}},"type":"binary-expr","locations":[{"start":{"line":39,"column":23},"end":{"line":40,"column":null}},{"start":{"line":41,"column":7},"end":{"line":41,"column":9}}]},"1":{"loc":{"start":{"line":39,"column":23},"end":{"line":40,"column":null}},"type":"cond-expr","locations":[{"start":{"line":39,"column":27},"end":{"line":39,"column":29}},{"start":{"line":39,"column":23},"end":{"line":40,"column":null}}]},"2":{"loc":{"start":{"line":39,"column":23},"end":{"line":39,"column":29}},"type":"binary-expr","locations":[{"start":{"line":39,"column":23},"end":{"line":39,"column":29}},{"start":{"line":39,"column":23},"end":{"line":39,"column":29}}]},"3":{"loc":{"start":{"line":45,"column":7},"end":{"line":59,"column":null}},"type":"cond-expr","locations":[{"start":{"line":46,"column":8},"end":{"line":46,"column":29}},{"start":{"line":48,"column":8},"end":{"line":58,"column":null}}]}},"s":{"0":1,"1":1,"2":1,"3":1,"4":1,"5":1,"6":1,"7":10,"8":10,"9":10,"10":10,"11":10,"12":10,"13":10,"14":10,"15":1,"16":10,"17":1,"18":10,"19":0,"20":0,"21":0,"22":0,"23":10,"24":11,"25":10,"26":2,"27":1,"28":1,"29":1,"30":1},"f":{"0":10,"1":1,"2":1,"3":0,"4":11,"5":2,"6":1,"7":1},"b":{"0":[10,0],"1":[0,10],"2":[10,10],"3":[1,9]}}
,"/home/adarsh/atomic_reactjs/login_with_tailwind/src/features/userLogin/atoms/Button/Button.tsx": {"path":"/home/adarsh/atomic_reactjs/login_with_tailwind/src/features/userLogin/atoms/Button/Button.tsx","statementMap":{"0":{"start":{"line":1,"column":0},"end":{"line":1,"column":26}},"1":{"start":{"line":7,"column":38},"end":{"line":16,"column":1}},"2":{"start":{"line":8,"column":2},"end":{"line":15,"column":4}},"3":{"start":{"line":18,"column":0},"end":{"line":18,"column":22}}},"fnMap":{"0":{"name":"(anonymous_1)","decl":{"start":{"line":7,"column":38},"end":{"line":7,"column":39}},"loc":{"start":{"line":7,"column":62},"end":{"line":16,"column":1}}}},"branchMap":{},"s":{"0":2,"1":2,"2":8,"3":2},"f":{"0":8},"b":{}}
,"/home/adarsh/atomic_reactjs/login_with_tailwind/src/features/userLogin/atoms/ErrorMessage/ErrorMessage.tsx": {"path":"/home/adarsh/atomic_reactjs/login_with_tailwind/src/features/userLogin/atoms/ErrorMessage/ErrorMessage.tsx","statementMap":{"0":{"start":{"line":1,"column":0},"end":{"line":1,"column":26}},"1":{"start":{"line":7,"column":50},"end":{"line":8,"column":73}},"2":{"start":{"line":8,"column":2},"end":{"line":8,"column":73}},"3":{"start":{"line":10,"column":0},"end":{"line":10,"column":28}}},"fnMap":{"0":{"name":"(anonymous_1)","decl":{"start":{"line":7,"column":50},"end":{"line":7,"column":51}},"loc":{"start":{"line":8,"column":2},"end":{"line":8,"column":73}}}},"branchMap":{"0":{"loc":{"start":{"line":8,"column":2},"end":{"line":8,"column":73}},"type":"cond-expr","locations":[{"start":{"line":8,"column":12},"end":{"line":8,"column":66}},{"start":{"line":8,"column":69},"end":{"line":8,"column":73}}]}},"s":{"0":3,"1":3,"2":19,"3":3},"f":{"0":19},"b":{"0":[3,16]}}
,"/home/adarsh/atomic_reactjs/login_with_tailwind/src/features/userLogin/atoms/Input/Input.tsx": {"path":"/home/adarsh/atomic_reactjs/login_with_tailwind/src/features/userLogin/atoms/Input/Input.tsx","statementMap":{"0":{"start":{"line":1,"column":0},"end":{"line":1,"column":26}},"1":{"start":{"line":7,"column":36},"end":{"line":16,"column":1}},"2":{"start":{"line":8,"column":2},"end":{"line":15,"column":4}},"3":{"start":{"line":18,"column":0},"end":{"line":18,"column":21}}},"fnMap":{"0":{"name":"(anonymous_1)","decl":{"start":{"line":7,"column":36},"end":{"line":7,"column":37}},"loc":{"start":{"line":7,"column":60},"end":{"line":16,"column":1}}}},"branchMap":{"0":{"loc":{"start":{"line":11,"column":41},"end":{"line":11,"column":85}},"type":"cond-expr","locations":[{"start":{"line":11,"column":49},"end":{"line":11,"column":65}},{"start":{"line":11,"column":68},"end":{"line":11,"column":85}}]}},"s":{"0":3,"1":3,"2":19,"3":3},"f":{"0":19},"b":{"0":[2,17]}}
,"/home/adarsh/atomic_reactjs/login_with_tailwind/src/features/userLogin/atoms/Label/Label.tsx": {"path":"/home/adarsh/atomic_reactjs/login_with_tailwind/src/features/userLogin/atoms/Label/Label.tsx","statementMap":{"0":{"start":{"line":1,"column":0},"end":{"line":1,"column":26}},"1":{"start":{"line":8,"column":36},"end":{"line":11,"column":null}},"2":{"start":{"line":9,"column":2},"end":{"line":10,"column":null}},"3":{"start":{"line":14,"column":0},"end":{"line":14,"column":21}}},"fnMap":{"0":{"name":"(anonymous_1)","decl":{"start":{"line":8,"column":36},"end":{"line":8,"column":37}},"loc":{"start":{"line":9,"column":2},"end":{"line":10,"column":null}}}},"branchMap":{},"s":{"0":3,"1":3,"2":19,"3":3},"f":{"0":19},"b":{}}
,"/home/adarsh/atomic_reactjs/login_with_tailwind/src/features/userLogin/molecules/FormFooter/FormFooter.tsx": {"path":"/home/adarsh/atomic_reactjs/login_with_tailwind/src/features/userLogin/molecules/FormFooter/FormFooter.tsx","statementMap":{"0":{"start":{"line":1,"column":0},"end":{"line":1,"column":26}},"1":{"start":{"line":2,"column":0},"end":{"line":2,"column":40}},"2":{"start":{"line":4,"column":29},"end":{"line":12,"column":null}},"3":{"start":{"line":5,"column":2},"end":{"line":11,"column":null}},"4":{"start":{"line":15,"column":0},"end":{"line":15,"column":26}}},"fnMap":{"0":{"name":"(anonymous_1)","decl":{"start":{"line":4,"column":29},"end":{"line":4,"column":32}},"loc":{"start":{"line":5,"column":2},"end":{"line":11,"column":null}}}},"branchMap":{},"s":{"0":2,"1":2,"2":2,"3":7,"4":2},"f":{"0":7},"b":{}}
,"/home/adarsh/atomic_reactjs/login_with_tailwind/src/features/userLogin/molecules/InputField/InputField.tsx": {"path":"/home/adarsh/atomic_reactjs/login_with_tailwind/src/features/userLogin/molecules/InputField/InputField.tsx","statementMap":{"0":{"start":{"line":1,"column":0},"end":{"line":1,"column":26}},"1":{"start":{"line":2,"column":0},"end":{"line":2,"column":57}},"2":{"start":{"line":3,"column":0},"end":{"line":3,"column":57}},"3":{"start":{"line":4,"column":0},"end":{"line":4,"column":78}},"4":{"start":{"line":15,"column":46},"end":{"line":23,"column":1}},"5":{"start":{"line":16,"column":2},"end":{"line":22,"column":4}},"6":{"start":{"line":25,"column":0},"end":{"line":25,"column":26}}},"fnMap":{"0":{"name":"(anonymous_1)","decl":{"start":{"line":15,"column":46},"end":{"line":15,"column":47}},"loc":{"start":{"line":15,"column":103},"end":{"line":23,"column":1}}}},"branchMap":{"0":{"loc":{"start":{"line":15,"column":60},"end":{"line":15,"column":73}},"type":"default-arg","locations":[{"start":{"line":15,"column":67},"end":{"line":15,"column":73}}]}},"s":{"0":2,"1":2,"2":2,"3":2,"4":2,"5":16,"6":2},"f":{"0":16},"b":{"0":[5]}}
,"/home/adarsh/atomic_reactjs/login_with_tailwind/src/features/userLogin/organisms/LoginForm/LoginForm.tsx": {"path":"/home/adarsh/atomic_reactjs/login_with_tailwind/src/features/userLogin/organisms/LoginForm/LoginForm.tsx","statementMap":{"0":{"start":{"line":1,"column":0},"end":{"line":1,"column":40}},"1":{"start":{"line":2,"column":0},"end":{"line":2,"column":76}},"2":{"start":{"line":3,"column":0},"end":{"line":3,"column":47}},"3":{"start":{"line":4,"column":0},"end":{"line":4,"column":76}},"4":{"start":{"line":5,"column":0},"end":{"line":5,"column":54}},"5":{"start":{"line":6,"column":0},"end":{"line":6,"column":79}},"6":{"start":{"line":7,"column":0},"end":{"line":7,"column":47}},"7":{"start":{"line":9,"column":28},"end":{"line":67,"column":1}},"8":{"start":{"line":10,"column":48},"end":{"line":10,"column":58}},"9":{"start":{"line":12,"column":28},"end":{"line":12,"column":40}},"10":{"start":{"line":13,"column":34},"end":{"line":13,"column":46}},"11":{"start":{"line":14,"column":30},"end":{"line":15,"column":null}},"12":{"start":{"line":17,"column":19},"end":{"line":17,"column":32}},"13":{"start":{"line":19,"column":23},"end":{"line":38,"column":3}},"14":{"start":{"line":20,"column":4},"end":{"line":20,"column":23}},"15":{"start":{"line":22,"column":61},"end":{"line":22,"column":63}},"16":{"start":{"line":24,"column":4},"end":{"line":24,"column":73}},"17":{"start":{"line":24,"column":31},"end":{"line":24,"column":73}},"18":{"start":{"line":25,"column":4},"end":{"line":25,"column":79}},"19":{"start":{"line":25,"column":37},"end":{"line":25,"column":79}},"20":{"start":{"line":26,"column":4},"end":{"line":26,"column":57}},"21":{"start":{"line":26,"column":19},"end":{"line":26,"column":57}},"22":{"start":{"line":28,"column":4},"end":{"line":28,"column":25}},"23":{"start":{"line":30,"column":4},"end":{"line":37,"column":5}},"24":{"start":{"line":31,"column":6},"end":{"line":36,"column":7}},"25":{"start":{"line":32,"column":8},"end":{"line":32,"column":37}},"26":{"start":{"line":33,"column":8},"end":{"line":33,"column":27}},"27":{"start":{"line":35,"column":8},"end":{"line":35,"column":45}},"28":{"start":{"line":40,"column":2},"end":{"line":66,"column":4}},"29":{"start":{"line":47,"column":25},"end":{"line":47,"column":49}},"30":{"start":{"line":55,"column":25},"end":{"line":55,"column":52}},"31":{"start":{"line":69,"column":0},"end":{"line":69,"column":25}}},"fnMap":{"0":{"name":"(anonymous_10)","decl":{"start":{"line":9,"column":28},"end":{"line":9,"column":31}},"loc":{"start":{"line":9,"column":33},"end":{"line":67,"column":1}}},"1":{"name":"(anonymous_11)","decl":{"start":{"line":19,"column":23},"end":{"line":19,"column":28}},"loc":{"start":{"line":19,"column":52},"end":{"line":38,"column":3}}},"2":{"name":"(anonymous_12)","decl":{"start":{"line":47,"column":18},"end":{"line":47,"column":19}},"loc":{"start":{"line":47,"column":25},"end":{"line":47,"column":49}}},"3":{"name":"(anonymous_13)","decl":{"start":{"line":55,"column":18},"end":{"line":55,"column":19}},"loc":{"start":{"line":55,"column":25},"end":{"line":55,"column":52}}}},"branchMap":{"0":{"loc":{"start":{"line":24,"column":4},"end":{"line":24,"column":73}},"type":"if","locations":[{"start":{"line":24,"column":4},"end":{"line":24,"column":73}},{"start":{},"end":{}}]},"1":{"loc":{"start":{"line":25,"column":4},"end":{"line":25,"column":79}},"type":"if","locations":[{"start":{"line":25,"column":4},"end":{"line":25,"column":79}},{"start":{},"end":{}}]},"2":{"loc":{"start":{"line":26,"column":4},"end":{"line":26,"column":57}},"type":"if","locations":[{"start":{"line":26,"column":4},"end":{"line":26,"column":57}},{"start":{},"end":{}}]},"3":{"loc":{"start":{"line":30,"column":4},"end":{"line":37,"column":5}},"type":"if","locations":[{"start":{"line":30,"column":4},"end":{"line":37,"column":5}},{"start":{},"end":{}}]},"4":{"loc":{"start":{"line":58,"column":7},"end":{"line":58,"column":73}},"type":"binary-expr","locations":[{"start":{"line":58,"column":7},"end":{"line":58,"column":17}},{"start":{"line":58,"column":21},"end":{"line":58,"column":73}}]},"5":{"loc":{"start":{"line":61,"column":15},"end":{"line":61,"column":50}},"type":"cond-expr","locations":[{"start":{"line":61,"column":25},"end":{"line":61,"column":40}},{"start":{"line":61,"column":43},"end":{"line":61,"column":50}}]}},"s":{"0":1,"1":1,"2":1,"3":1,"4":1,"5":1,"6":1,"7":1,"8":5,"9":5,"10":5,"11":5,"12":5,"13":5,"14":1,"15":1,"16":1,"17":0,"18":1,"19":0,"20":1,"21":0,"22":1,"23":1,"24":1,"25":1,"26":1,"27":0,"28":5,"29":1,"30":1,"31":1},"f":{"0":5,"1":1,"2":1,"3":1},"b":{"0":[0,1],"1":[0,1],"2":[0,1],"3":[1,0],"4":[5,0],"5":[0,5]}}
,"/home/adarsh/atomic_reactjs/login_with_tailwind/src/features/userLogin/pages/LoginPage/LoginPage.tsx": {"path":"/home/adarsh/atomic_reactjs/login_with_tailwind/src/features/userLogin/pages/LoginPage/LoginPage.tsx","statementMap":{"0":{"start":{"line":1,"column":0},"end":{"line":1,"column":26}},"1":{"start":{"line":2,"column":0},"end":{"line":2,"column":82}},"2":{"start":{"line":3,"column":0},"end":{"line":3,"column":72}},"3":{"start":{"line":5,"column":28},"end":{"line":12,"column":1}},"4":{"start":{"line":6,"column":2},"end":{"line":11,"column":4}},"5":{"start":{"line":14,"column":0},"end":{"line":14,"column":25}}},"fnMap":{"0":{"name":"(anonymous_1)","decl":{"start":{"line":5,"column":28},"end":{"line":5,"column":31}},"loc":{"start":{"line":5,"column":33},"end":{"line":12,"column":1}}}},"branchMap":{},"s":{"0":1,"1":1,"2":1,"3":1,"4":1,"5":1},"f":{"0":1},"b":{}}
,"/home/adarsh/atomic_reactjs/login_with_tailwind/src/features/userLogin/templates/AuthTemplate/AuthTemplate.tsx": {"path":"/home/adarsh/atomic_reactjs/login_with_tailwind/src/features/userLogin/templates/AuthTemplate/AuthTemplate.tsx","statementMap":{"0":{"start":{"line":1,"column":0},"end":{"line":1,"column":26}},"1":{"start":{"line":7,"column":50},"end":{"line":15,"column":1}},"2":{"start":{"line":8,"column":2},"end":{"line":14,"column":4}},"3":{"start":{"line":17,"column":0},"end":{"line":17,"column":28}}},"fnMap":{"0":{"name":"(anonymous_1)","decl":{"start":{"line":7,"column":50},"end":{"line":7,"column":51}},"loc":{"start":{"line":7,"column":67},"end":{"line":15,"column":1}}}},"branchMap":{},"s":{"0":1,"1":1,"2":1,"3":1},"f":{"0":1},"b":{}}
,"/home/adarsh/atomic_reactjs/login_with_tailwind/src/i18n/i18n.ts": {"path":"/home/adarsh/atomic_reactjs/login_with_tailwind/src/i18n/i18n.ts","statementMap":{"0":{"start":{"line":1,"column":0},"end":{"line":1,"column":27}},"1":{"start":{"line":2,"column":0},"end":{"line":2,"column":47}},"2":{"start":{"line":3,"column":0},"end":{"line":3,"column":64}},"3":{"start":{"line":4,"column":0},"end":{"line":4,"column":43}},"4":{"start":{"line":6,"column":0},"end":{"line":17,"column":5}},"5":{"start":{"line":19,"column":0},"end":{"line":19,"column":20}}},"fnMap":{},"branchMap":{},"s":{"0":1,"1":1,"2":1,"3":1,"4":1,"5":1},"f":{},"b":{}}
,"/home/adarsh/atomic_reactjs/login_with_tailwind/src/redux/api.ts": {"path":"/home/adarsh/atomic_reactjs/login_with_tailwind/src/redux/api.ts","statementMap":{"0":{"start":{"line":1,"column":0},"end":{"line":1,"column":73}},"1":{"start":{"line":3,"column":13},"end":{"line":38,"column":3}},"2":{"start":{"line":7,"column":27},"end":{"line":37,"column":4}},"3":{"start":{"line":9,"column":19},"end":{"line":9,"column":26}},"4":{"start":{"line":14,"column":24},"end":{"line":18,"column":8}},"5":{"start":{"line":23,"column":22},"end":{"line":26,"column":8}},"6":{"start":{"line":30,"column":34},"end":{"line":34,"column":4}},"7":{"start":{"line":42,"column":2},"end":{"line":46,"column":10}}},"fnMap":{"0":{"name":"(anonymous_0)","decl":{"start":{"line":7,"column":13},"end":{"line":7,"column":14}},"loc":{"start":{"line":7,"column":27},"end":{"line":37,"column":4}}},"1":{"name":"(anonymous_1)","decl":{"start":{"line":9,"column":13},"end":{"line":9,"column":16}},"loc":{"start":{"line":9,"column":19},"end":{"line":9,"column":26}}},"2":{"name":"(anonymous_2)","decl":{"start":{"line":14,"column":13},"end":{"line":14,"column":14}},"loc":{"start":{"line":14,"column":24},"end":{"line":18,"column":8}}},"3":{"name":"(anonymous_3)","decl":{"start":{"line":23,"column":13},"end":{"line":23,"column":14}},"loc":{"start":{"line":23,"column":22},"end":{"line":26,"column":8}}},"4":{"name":"(anonymous_4)","decl":{"start":{"line":30,"column":11},"end":{"line":30,"column":12}},"loc":{"start":{"line":30,"column":34},"end":{"line":34,"column":4}}}},"branchMap":{},"s":{"0":2,"1":2,"2":2,"3":0,"4":0,"5":0,"6":0,"7":2},"f":{"0":2,"1":0,"2":0,"3":0,"4":0},"b":{}}
,"/home/adarsh/atomic_reactjs/login_with_tailwind/src/redux/reducer.ts": {"path":"/home/adarsh/atomic_reactjs/login_with_tailwind/src/redux/reducer.ts","statementMap":{"0":{"start":{"line":1,"column":0},"end":{"line":1,"column":47}},"1":{"start":{"line":2,"column":13},"end":{"line":6,"column":null}}},"fnMap":{},"branchMap":{},"s":{"0":1,"1":1},"f":{},"b":{}}
,"/home/adarsh/atomic_reactjs/login_with_tailwind/src/redux/store.ts": {"path":"/home/adarsh/atomic_reactjs/login_with_tailwind/src/redux/store.ts","statementMap":{"0":{"start":{"line":1,"column":0},"end":{"line":1,"column":50}},"1":{"start":{"line":2,"column":0},"end":{"line":2,"column":30}},"2":{"start":{"line":3,"column":0},"end":{"line":3,"column":38}},"3":{"start":{"line":5,"column":13},"end":{"line":12,"column":null}},"4":{"start":{"line":11,"column":4},"end":{"line":11,"column":51}}},"fnMap":{"0":{"name":"(anonymous_0)","decl":{"start":{"line":10,"column":16},"end":{"line":10,"column":17}},"loc":{"start":{"line":11,"column":4},"end":{"line":11,"column":51}}}},"branchMap":{},"s":{"0":1,"1":1,"2":1,"3":1,"4":1},"f":{"0":1},"b":{}}
,"/home/adarsh/atomic_reactjs/login_with_tailwind/src/services/authService.ts": {"path":"/home/adarsh/atomic_reactjs/login_with_tailwind/src/services/authService.ts","statementMap":{"0":{"start":{"line":1,"column":13},"end":{"line":17,"column":2}},"1":{"start":{"line":4,"column":4},"end":{"line":12,"column":7}},"2":{"start":{"line":5,"column":6},"end":{"line":11,"column":15}},"3":{"start":{"line":6,"column":8},"end":{"line":10,"column":9}},"4":{"start":{"line":7,"column":10},"end":{"line":7,"column":38}},"5":{"start":{"line":9,"column":10},"end":{"line":9,"column":57}},"6":{"start":{"line":15,"column":4},"end":{"line":15,"column":33}}},"fnMap":{"0":{"name":"(anonymous_0)","decl":{"start":{"line":2,"column":9},"end":{"line":2,"column":14}},"loc":{"start":{"line":2,"column":51},"end":{"line":13,"column":3}}},"1":{"name":"(anonymous_1)","decl":{"start":{"line":4,"column":54},"end":{"line":4,"column":55}},"loc":{"start":{"line":4,"column":74},"end":{"line":12,"column":5}}},"2":{"name":"(anonymous_2)","decl":{"start":{"line":5,"column":17},"end":{"line":5,"column":20}},"loc":{"start":{"line":5,"column":22},"end":{"line":11,"column":7}}},"3":{"name":"(anonymous_3)","decl":{"start":{"line":14,"column":10},"end":{"line":14,"column":15}},"loc":{"start":{"line":14,"column":21},"end":{"line":16,"column":3}}}},"branchMap":{"0":{"loc":{"start":{"line":6,"column":8},"end":{"line":10,"column":9}},"type":"if","locations":[{"start":{"line":6,"column":8},"end":{"line":10,"column":9}},{"start":{"line":8,"column":15},"end":{"line":10,"column":9}}]},"1":{"loc":{"start":{"line":6,"column":12},"end":{"line":6,"column":67}},"type":"binary-expr","locations":[{"start":{"line":6,"column":12},"end":{"line":6,"column":40}},{"start":{"line":6,"column":44},"end":{"line":6,"column":67}}]}},"s":{"0":1,"1":2,"2":2,"3":2,"4":1,"5":1,"6":1},"f":{"0":2,"1":2,"2":2,"3":1},"b":{"0":[1,1],"1":[2,1]}}
}
