TN:
SF:src/App.tsx
FN:7,App
FNF:1
FNH:1
FNDA:1,App
DA:1,2
DA:2,2
DA:3,2
DA:4,2
DA:5,2
DA:8,1
DA:18,2
LF:7
LH:7
BRF:0
BRH:0
end_of_record
TN:
SF:src/MainContent.tsx
FN:6,(anonymous_10)
FN:6,(anonymous_11)
FN:8,(anonymous_12)
FN:8,(anonymous_13)
FN:10,(anonymous_14)
FN:10,(anonymous_15)
FN:11,(anonymous_16)
FN:11,(anonymous_17)
FN:13,MainContent
FNF:9
FNH:9
FNDA:1,(anonymous_10)
FNDA:1,(anonymous_11)
FNDA:1,(anonymous_12)
FNDA:1,(anonymous_13)
FNDA:1,(anonymous_14)
FNDA:1,(anonymous_15)
FNDA:1,(anonymous_16)
FNDA:1,(anonymous_17)
FNDA:4,MainContent
DA:1,2
DA:2,2
DA:4,2
DA:5,2
DA:6,2
DA:7,2
DA:8,2
DA:10,2
DA:11,2
DA:13,2
DA:14,4
DA:15,4
DA:17,4
LF:13
LH:13
BRDA:19,0,0,4
BRDA:19,0,1,3
BRDA:20,1,0,4
BRDA:20,1,1,3
BRF:4
BRH:4
end_of_record
TN:
SF:src/main.tsx
FNF:0
FNH:0
DA:1,1
DA:2,1
DA:3,1
DA:4,1
DA:5,1
DA:6,1
DA:7,1
DA:9,1
LF:8
LH:8
BRF:0
BRH:0
end_of_record
TN:
SF:src/components/molecules/LanguageSelector/LanguageSelector.tsx
FN:20,(anonymous_1)
FN:28,(anonymous_2)
FN:41,(anonymous_3)
FNF:3
FNH:3
FNDA:3,(anonymous_1)
FNDA:1,(anonymous_2)
FNDA:6,(anonymous_3)
DA:1,2
DA:2,2
DA:5,2
DA:13,2
DA:20,2
DA:22,3
DA:28,3
DA:29,1
DA:30,1
DA:33,3
DA:42,6
DA:52,2
LF:12
LH:12
BRF:0
BRH:0
end_of_record
TN:
SF:src/components/molecules/NavItem/NavItem.tsx
FN:9,(anonymous_1)
FNF:1
FNH:1
FNDA:4,(anonymous_1)
DA:1,3
DA:2,3
DA:9,3
DA:10,4
DA:15,3
LF:5
LH:5
BRF:0
BRH:0
end_of_record
TN:
SF:src/components/molecules/SidebarSection/SidebarSection.tsx
FN:6,(anonymous_1)
FNF:1
FNH:1
FNDA:1,(anonymous_1)
DA:1,2
DA:2,2
DA:3,2
DA:6,2
DA:7,1
DA:8,1
DA:20,2
LF:7
LH:7
BRF:0
BRH:0
end_of_record
TN:
SF:src/components/molecules/Theme/ThemeToggle.tsx
FN:5,(anonymous_1)
FN:8,(anonymous_2)
FNF:2
FNH:2
FNDA:3,(anonymous_1)
FNDA:1,(anonymous_2)
DA:1,2
DA:2,2
DA:3,2
DA:5,2
DA:6,3
DA:8,3
DA:9,1
DA:12,3
LF:8
LH:8
BRDA:24,0,0,1
BRDA:24,0,1,2
BRF:2
BRH:2
end_of_record
TN:
SF:src/components/organisms/Header/Header.tsx
FN:9,(anonymous_1)
FNF:1
FNH:1
FNDA:1,(anonymous_1)
DA:2,2
DA:3,2
DA:4,2
DA:5,2
DA:9,2
DA:10,1
DA:12,1
DA:26,2
LF:8
LH:8
BRF:0
BRH:0
end_of_record
TN:
SF:src/components/organisms/LanguageChange/LanguageChange.tsx
FN:5,(anonymous_1)
FNF:1
FNH:1
FNDA:1,(anonymous_1)
DA:1,1
DA:2,1
DA:5,1
DA:6,1
DA:8,1
DA:24,1
LF:6
LH:6
BRF:0
BRH:0
end_of_record
TN:
SF:src/components/organisms/Sidebar/Sidebar.tsx
FN:3,(anonymous_1)
FNF:1
FNH:1
FNDA:1,(anonymous_1)
DA:1,2
DA:3,2
DA:4,1
DA:9,2
LF:4
LH:4
BRF:0
BRH:0
end_of_record
TN:
SF:src/context/AuthContext.tsx
FN:12,(anonymous_9)
FN:22,(anonymous_10)
FNF:2
FNH:1
FNDA:1,(anonymous_9)
FNDA:0,(anonymous_10)
DA:1,2
DA:10,2
DA:12,2
DA:13,1
DA:15,1
DA:22,2
DA:23,0
DA:24,0
DA:25,0
LF:9
LH:6
BRDA:24,0,0,0
BRDA:24,0,1,0
BRF:2
BRH:0
end_of_record
TN:
SF:src/context/ThemeContext.tsx
FN:10,(anonymous_9)
FN:22,(anonymous_10)
FN:25,(anonymous_11)
FN:26,(anonymous_12)
FN:31,(anonymous_13)
FNF:5
FNH:2
FNDA:0,(anonymous_9)
FNDA:1,(anonymous_10)
FNDA:0,(anonymous_11)
FNDA:0,(anonymous_12)
FNDA:1,(anonymous_13)
DA:1,2
DA:8,2
DA:10,2
DA:11,0
DA:12,0
DA:13,0
DA:15,0
DA:22,2
DA:23,1
DA:25,1
DA:26,0
DA:29,1
DA:31,1
DA:32,1
DA:35,1
LF:15
LH:10
BRDA:12,0,0,0
BRDA:12,0,1,0
BRDA:29,1,0,0
BRDA:29,1,1,1
BRF:4
BRH:1
end_of_record
TN:
SF:src/features/addProject/atoms/Button/Button.tsx
FN:10,(anonymous_1)
FNF:1
FNH:1
FNDA:15,(anonymous_1)
DA:1,3
DA:10,3
DA:11,15
DA:18,3
LF:4
LH:4
BRDA:10,0,0,4
BRF:1
BRH:1
end_of_record
TN:
SF:src/features/addProject/atoms/Input/InputField.tsx
FN:9,(anonymous_1)
FNF:1
FNH:1
FNDA:22,(anonymous_1)
DA:1,3
DA:9,3
DA:10,22
DA:13,3
LF:4
LH:4
BRF:0
BRH:0
end_of_record
TN:
SF:src/features/addProject/molecules/Form/Form.tsx
FN:14,(anonymous_1)
FN:17,(anonymous_2)
FN:18,(anonymous_3)
FNF:3
FNH:3
FNDA:10,(anonymous_1)
FNDA:2,(anonymous_2)
FNDA:2,(anonymous_3)
DA:1,2
DA:2,2
DA:3,2
DA:14,2
DA:15,10
DA:17,2
DA:18,2
DA:24,2
LF:8
LH:8
BRF:0
BRH:0
end_of_record
TN:
SF:src/features/addProject/organisms/ProjectForm.tsx
FN:6,(anonymous_10)
FN:18,(anonymous_11)
FN:20,(anonymous_12)
FN:28,(anonymous_13)
FNF:4
FNH:4
FNDA:7,(anonymous_10)
FNDA:3,(anonymous_11)
FNDA:1,(anonymous_12)
FNDA:1,(anonymous_13)
DA:1,1
DA:2,1
DA:3,1
DA:4,1
DA:6,1
DA:7,7
DA:8,7
DA:11,7
DA:12,7
DA:14,7
DA:15,7
DA:16,7
DA:18,7
DA:19,3
DA:20,1
DA:21,1
DA:22,1
DA:23,1
DA:28,7
DA:29,1
DA:31,1
DA:38,1
DA:39,1
DA:40,1
DA:41,1
DA:45,7
DA:48,1
LF:27
LH:27
BRDA:19,0,0,1
BRDA:19,0,1,2
BRDA:19,1,0,3
BRDA:19,1,1,1
BRDA:21,2,0,1
BRDA:21,2,1,0
BRDA:32,3,0,1
BRDA:32,3,1,1
BRDA:45,4,0,2
BRDA:45,4,1,5
BRF:10
BRH:9
end_of_record
TN:
SF:src/features/addProject/page/AddProject.tsx
FN:5,(anonymous_1)
FN:8,(anonymous_2)
FNF:2
FNH:2
FNDA:2,(anonymous_1)
FNDA:1,(anonymous_2)
DA:1,1
DA:2,1
DA:3,1
DA:5,1
DA:6,2
DA:8,2
DA:9,1
DA:12,2
DA:15,1
LF:9
LH:9
BRF:0
BRH:0
end_of_record
TN:
SF:src/features/addProject/templates/AddProjectTemplate.tsx
FN:10,(anonymous_1)
FNF:1
FNH:1
FNDA:3,(anonymous_1)
DA:1,1
DA:2,1
DA:3,1
DA:4,1
DA:10,1
DA:11,3
DA:12,3
DA:14,3
DA:27,1
LF:9
LH:9
BRF:0
BRH:0
end_of_record
TN:
SF:src/features/dashBoard/organisms/MainContent/MainContent.tsx
FN:4,(anonymous_1)
FNF:1
FNH:1
FNDA:1,(anonymous_1)
DA:1,1
DA:2,1
DA:4,1
DA:6,1
DA:8,1
DA:19,1
LF:6
LH:6
BRF:0
BRH:0
end_of_record
TN:
SF:src/features/dashBoard/pages/Home.tsx
FN:4,(anonymous_1)
FNF:1
FNH:1
FNDA:1,(anonymous_1)
DA:1,1
DA:2,1
DA:4,1
DA:6,1
LF:4
LH:4
BRF:0
BRH:0
end_of_record
TN:
SF:src/features/dashBoard/templates/DefaultLayout/DefaultLayout.tsx
FN:4,(anonymous_1)
FNF:1
FNH:1
FNDA:3,(anonymous_1)
DA:1,1
DA:2,1
DA:4,1
DA:5,3
DA:12,1
LF:5
LH:5
BRF:0
BRH:0
end_of_record
TN:
SF:src/features/projects/atoms/Button/Button.tsx
FN:9,(anonymous_0)
FNF:1
FNH:1
FNDA:21,(anonymous_0)
DA:9,3
DA:10,21
DA:17,3
LF:3
LH:3
BRF:0
BRH:0
end_of_record
TN:
SF:src/features/projects/atoms/Heading/Heading.tsx
FN:3,(anonymous_0)
FNF:1
FNH:1
FNDA:2,(anonymous_0)
DA:3,1
DA:4,2
DA:7,1
LF:3
LH:3
BRF:0
BRH:0
end_of_record
TN:
SF:src/features/projects/atoms/Input/Input.tsx
FN:9,(anonymous_0)
FNF:1
FNH:1
FNDA:9,(anonymous_0)
DA:9,2
DA:10,9
DA:21,2
LF:3
LH:3
BRDA:9,0,0,8
BRF:1
BRH:1
end_of_record
TN:
SF:src/features/projects/molicule/PostActions/PostActions.tsx
FN:9,(anonymous_1)
FNF:1
FNH:1
FNDA:4,(anonymous_1)
DA:1,1
DA:2,1
DA:9,1
DA:10,4
DA:18,1
LF:5
LH:5
BRF:0
BRH:0
end_of_record
TN:
SF:src/features/projects/molicule/SearchBar/SearchBar.tsx
FN:11,(anonymous_1)
FNF:1
FNH:1
FNDA:5,(anonymous_1)
DA:1,1
DA:2,1
DA:11,1
DA:12,5
DA:34,1
LF:5
LH:5
BRF:0
BRH:0
end_of_record
TN:
SF:src/features/projects/organisms/PostsCard/PostsCard.tsx
FN:10,(anonymous_1)
FNF:1
FNH:1
FNDA:3,(anonymous_1)
DA:2,1
DA:10,1
DA:13,3
DA:23,1
LF:4
LH:4
BRF:0
BRH:0
end_of_record
TN:
SF:src/features/projects/organisms/ProjectList/ProjectList.tsx
FN:15,(anonymous_1)
FN:19,(anonymous_2)
FN:23,(anonymous_3)
FN:24,(anonymous_4)
FNF:4
FNH:4
FNDA:4,(anonymous_1)
FNDA:4,(anonymous_2)
FNDA:1,(anonymous_3)
FNDA:1,(anonymous_4)
DA:1,1
DA:15,1
DA:16,4
DA:20,4
DA:23,1
DA:24,1
DA:34,1
LF:7
LH:7
BRDA:18,0,0,3
BRDA:18,0,1,1
BRF:2
BRH:2
end_of_record
TN:
SF:src/features/projects/pages/Project/Project.tsx
FN:8,(anonymous_1)
FN:25,(anonymous_2)
FN:26,(anonymous_3)
FN:30,(anonymous_4)
FN:39,(anonymous_5)
FN:52,(anonymous_6)
FN:53,(anonymous_7)
FN:54,(anonymous_8)
FNF:8
FNH:7
FNDA:10,(anonymous_1)
FNDA:1,(anonymous_2)
FNDA:1,(anonymous_3)
FNDA:0,(anonymous_4)
FNDA:11,(anonymous_5)
FNDA:2,(anonymous_6)
FNDA:1,(anonymous_7)
FNDA:1,(anonymous_8)
DA:1,1
DA:2,1
DA:3,1
DA:4,1
DA:5,1
DA:6,1
DA:8,1
DA:9,10
DA:10,10
DA:11,10
DA:12,10
DA:13,10
DA:15,10
DA:16,10
DA:25,10
DA:26,10
DA:27,1
DA:30,10
DA:31,0
DA:32,0
DA:33,0
DA:35,0
DA:39,10
DA:40,11
DA:43,10
DA:52,2
DA:53,1
DA:54,1
DA:55,1
DA:65,1
LF:30
LH:26
BRDA:39,0,0,10
BRDA:39,0,1,0
BRDA:39,1,0,0
BRDA:39,1,1,10
BRDA:39,2,0,10
BRDA:39,2,1,10
BRDA:45,3,0,1
BRDA:45,3,1,9
BRF:8
BRH:6
end_of_record
TN:
SF:src/features/userLogin/atoms/Button/Button.tsx
FN:7,(anonymous_1)
FNF:1
FNH:1
FNDA:8,(anonymous_1)
DA:1,2
DA:7,2
DA:8,8
DA:18,2
LF:4
LH:4
BRF:0
BRH:0
end_of_record
TN:
SF:src/features/userLogin/atoms/ErrorMessage/ErrorMessage.tsx
FN:7,(anonymous_1)
FNF:1
FNH:1
FNDA:19,(anonymous_1)
DA:1,3
DA:7,3
DA:8,19
DA:10,3
LF:4
LH:4
BRDA:8,0,0,3
BRDA:8,0,1,16
BRF:2
BRH:2
end_of_record
TN:
SF:src/features/userLogin/atoms/Input/Input.tsx
FN:7,(anonymous_1)
FNF:1
FNH:1
FNDA:19,(anonymous_1)
DA:1,3
DA:7,3
DA:8,19
DA:18,3
LF:4
LH:4
BRDA:11,0,0,2
BRDA:11,0,1,17
BRF:2
BRH:2
end_of_record
TN:
SF:src/features/userLogin/atoms/Label/Label.tsx
FN:8,(anonymous_1)
FNF:1
FNH:1
FNDA:19,(anonymous_1)
DA:1,3
DA:8,3
DA:9,19
DA:14,3
LF:4
LH:4
BRF:0
BRH:0
end_of_record
TN:
SF:src/features/userLogin/molecules/FormFooter/FormFooter.tsx
FN:4,(anonymous_1)
FNF:1
FNH:1
FNDA:7,(anonymous_1)
DA:1,2
DA:2,2
DA:4,2
DA:5,7
DA:15,2
LF:5
LH:5
BRF:0
BRH:0
end_of_record
TN:
SF:src/features/userLogin/molecules/InputField/InputField.tsx
FN:15,(anonymous_1)
FNF:1
FNH:1
FNDA:16,(anonymous_1)
DA:1,2
DA:2,2
DA:3,2
DA:4,2
DA:15,2
DA:16,16
DA:25,2
LF:7
LH:7
BRDA:15,0,0,5
BRF:1
BRH:1
end_of_record
TN:
SF:src/features/userLogin/organisms/LoginForm/LoginForm.tsx
FN:9,(anonymous_10)
FN:19,(anonymous_11)
FN:47,(anonymous_12)
FN:55,(anonymous_13)
FNF:4
FNH:4
FNDA:5,(anonymous_10)
FNDA:1,(anonymous_11)
FNDA:1,(anonymous_12)
FNDA:1,(anonymous_13)
DA:1,1
DA:2,1
DA:3,1
DA:4,1
DA:5,1
DA:6,1
DA:7,1
DA:9,1
DA:10,5
DA:12,5
DA:13,5
DA:14,5
DA:17,5
DA:19,5
DA:20,1
DA:22,1
DA:24,1
DA:25,1
DA:26,1
DA:28,1
DA:30,1
DA:31,1
DA:32,1
DA:33,1
DA:35,0
DA:40,5
DA:47,1
DA:55,1
DA:69,1
LF:29
LH:28
BRDA:24,0,0,0
BRDA:24,0,1,1
BRDA:25,1,0,0
BRDA:25,1,1,1
BRDA:26,2,0,0
BRDA:26,2,1,1
BRDA:30,3,0,1
BRDA:30,3,1,0
BRDA:58,4,0,5
BRDA:58,4,1,0
BRDA:61,5,0,0
BRDA:61,5,1,5
BRF:12
BRH:6
end_of_record
TN:
SF:src/features/userLogin/pages/LoginPage/LoginPage.tsx
FN:5,(anonymous_1)
FNF:1
FNH:1
FNDA:1,(anonymous_1)
DA:1,1
DA:2,1
DA:3,1
DA:5,1
DA:6,1
DA:14,1
LF:6
LH:6
BRF:0
BRH:0
end_of_record
TN:
SF:src/features/userLogin/templates/AuthTemplate/AuthTemplate.tsx
FN:7,(anonymous_1)
FNF:1
FNH:1
FNDA:1,(anonymous_1)
DA:1,1
DA:7,1
DA:8,1
DA:17,1
LF:4
LH:4
BRF:0
BRH:0
end_of_record
TN:
SF:src/i18n/i18n.ts
FNF:0
FNH:0
DA:1,1
DA:2,1
DA:3,1
DA:4,1
DA:6,1
DA:19,1
LF:6
LH:6
BRF:0
BRH:0
end_of_record
TN:
SF:src/redux/api.ts
FN:7,(anonymous_0)
FN:9,(anonymous_1)
FN:14,(anonymous_2)
FN:23,(anonymous_3)
FN:30,(anonymous_4)
FNF:5
FNH:1
FNDA:2,(anonymous_0)
FNDA:0,(anonymous_1)
FNDA:0,(anonymous_2)
FNDA:0,(anonymous_3)
FNDA:0,(anonymous_4)
DA:1,2
DA:3,2
DA:7,2
DA:9,0
DA:14,0
DA:23,0
DA:30,0
DA:42,2
LF:8
LH:4
BRF:0
BRH:0
end_of_record
TN:
SF:src/redux/reducer.ts
FNF:0
FNH:0
DA:1,1
DA:2,1
LF:2
LH:2
BRF:0
BRH:0
end_of_record
TN:
SF:src/redux/store.ts
FN:10,(anonymous_0)
FNF:1
FNH:1
FNDA:1,(anonymous_0)
DA:1,1
DA:2,1
DA:3,1
DA:5,1
DA:11,1
LF:5
LH:5
BRF:0
BRH:0
end_of_record
TN:
SF:src/services/authService.ts
FN:2,(anonymous_0)
FN:4,(anonymous_1)
FN:5,(anonymous_2)
FN:14,(anonymous_3)
FNF:4
FNH:4
FNDA:2,(anonymous_0)
FNDA:2,(anonymous_1)
FNDA:2,(anonymous_2)
FNDA:1,(anonymous_3)
DA:1,1
DA:4,2
DA:5,2
DA:6,2
DA:7,1
DA:9,1
DA:15,1
LF:7
LH:7
BRDA:6,0,0,1
BRDA:6,0,1,1
BRDA:6,1,0,2
BRDA:6,1,1,1
BRF:4
BRH:4
end_of_record
